# JRE version: Java(TM) SE Runtime Environment (17.0.9+11) (build 17.0.9+11-LTS-201)
# Java VM: Java HotSpot(TM) 64-Bit Server VM (17.0.9+11-LTS-201, mixed mode, sharing, tiered, compressed oops, compressed class ptrs, g1 gc, windows-amd64)
GC Precious Log:
 CPUs: 16 total, 16 available
 Memory: 32679M
 Large Page Support: Disabled
 NUMA Support: Disabled
 Compressed Oops: Enabled (Zero based)
 Heap Region Size: 4M
 Heap Min Capacity: 8M
 Heap Initial Capacity: 512M
 Heap Max Capacity: 8172M
 Pre-touch: Disabled
 Parallel Workers: 13
 Concurrent Workers: 3
 Concurrent Refinement Workers: 13
 Periodic GC: Disabled
Heap:
 garbage-first heap   total 1105920K, used 313164K [0x0000000601400000, 0x0000000800000000)
  region size 4096K, 1 young (4096K), 0 survivors (0K)
 Metaspace       used 135470K, committed 137280K, reserved 1179648K
  class space    used 20372K, committed 21184K, reserved 1048576K
GC Heap History (20 events):
Event: 34.001 GC heap before
{Heap before GC invocations=34 (full 0):
 garbage-first heap   total 1368064K, used 975338K [0x0000000601400000, 0x0000000800000000)
  region size 4096K, 93 young (380928K), 21 survivors (86016K)
 Metaspace       used 121928K, committed 123712K, reserved 1179648K
  class space    used 18670K, committed 19456K, reserved 1048576K
}
Event: 34.060 GC heap after
{Heap after GC invocations=35 (full 0):
 garbage-first heap   total 1368064K, used 825103K [0x0000000601400000, 0x0000000800000000)
  region size 4096K, 12 young (49152K), 12 survivors (49152K)
 Metaspace       used 121928K, committed 123712K, reserved 1179648K
  class space    used 18670K, committed 19456K, reserved 1048576K
}
Event: 34.440 GC heap before
{Heap before GC invocations=35 (full 0):
 garbage-first heap   total 1638400K, used 1033999K [0x0000000601400000, 0x0000000800000000)
  region size 4096K, 63 young (258048K), 12 survivors (49152K)
 Metaspace       used 122297K, committed 124096K, reserved 1179648K
  class space    used 18718K, committed 19520K, reserved 1048576K
}
Event: 34.458 GC heap after
{Heap after GC invocations=36 (full 0):
 garbage-first heap   total 1638400K, used 870159K [0x0000000601400000, 0x0000000800000000)
  region size 4096K, 7 young (28672K), 7 survivors (28672K)
 Metaspace       used 122297K, committed 124096K, reserved 1179648K
  class space    used 18718K, committed 19520K, reserved 1048576K
}
Event: 34.849 GC heap before
{Heap before GC invocations=37 (full 0):
 garbage-first heap   total 1638400K, used 1185551K [0x0000000601400000, 0x0000000800000000)
  region size 4096K, 84 young (344064K), 7 survivors (28672K)
 Metaspace       used 122437K, committed 124224K, reserved 1179648K
  class space    used 18753K, committed 19584K, reserved 1048576K
}
Event: 34.859 GC heap after
{Heap after GC invocations=38 (full 0):
 garbage-first heap   total 1638400K, used 903377K [0x0000000601400000, 0x0000000800000000)
  region size 4096K, 11 young (45056K), 11 survivors (45056K)
 Metaspace       used 122437K, committed 124224K, reserved 1179648K
  class space    used 18753K, committed 19584K, reserved 1048576K
}
Event: 34.896 GC heap before
{Heap before GC invocations=38 (full 0):
 garbage-first heap   total 1638400K, used 940241K [0x0000000601400000, 0x0000000800000000)
  region size 4096K, 20 young (81920K), 11 survivors (45056K)
 Metaspace       used 122437K, committed 124224K, reserved 1179648K
  class space    used 18753K, committed 19584K, reserved 1048576K
}
Event: 34.903 GC heap after
{Heap after GC invocations=39 (full 0):
 garbage-first heap   total 1638400K, used 901278K [0x0000000601400000, 0x0000000800000000)
  region size 4096K, 3 young (12288K), 3 survivors (12288K)
 Metaspace       used 122437K, committed 124224K, reserved 1179648K
  class space    used 18753K, committed 19584K, reserved 1048576K
}
Event: 36.059 GC heap before
{Heap before GC invocations=39 (full 0):
 garbage-first heap   total 1638400K, used 1220766K [0x0000000601400000, 0x0000000800000000)
  region size 4096K, 82 young (335872K), 3 survivors (12288K)
 Metaspace       used 129539K, committed 131392K, reserved 1179648K
  class space    used 19651K, committed 20480K, reserved 1048576K
}
Event: 36.072 GC heap after
{Heap after GC invocations=40 (full 0):
 garbage-first heap   total 3067904K, used 919817K [0x0000000601400000, 0x0000000800000000)
  region size 4096K, 7 young (28672K), 7 survivors (28672K)
 Metaspace       used 129539K, committed 131392K, reserved 1179648K
  class space    used 19651K, committed 20480K, reserved 1048576K
}
Event: 37.749 GC heap before
{Heap before GC invocations=40 (full 0):
 garbage-first heap   total 3067904K, used 1636617K [0x0000000601400000, 0x0000000800000000)
  region size 4096K, 184 young (753664K), 7 survivors (28672K)
 Metaspace       used 135112K, committed 137024K, reserved 1179648K
  class space    used 20309K, committed 21184K, reserved 1048576K
}
Event: 37.907 GC heap after
{Heap after GC invocations=41 (full 1):
 garbage-first heap   total 1654784K, used 458499K [0x0000000601400000, 0x0000000800000000)
  region size 4096K, 0 young (0K), 0 survivors (0K)
 Metaspace       used 135035K, committed 137024K, reserved 1179648K
  class space    used 20287K, committed 21184K, reserved 1048576K
}
Event: 38.406 GC heap before
{Heap before GC invocations=41 (full 1):
 garbage-first heap   total 1654784K, used 1052419K [0x0000000601400000, 0x0000000800000000)
  region size 4096K, 145 young (593920K), 0 survivors (0K)
 Metaspace       used 135261K, committed 137152K, reserved 1179648K
  class space    used 20326K, committed 21184K, reserved 1048576K
}
Event: 38.415 GC heap after
{Heap after GC invocations=42 (full 1):
 garbage-first heap   total 1654784K, used 489534K [0x0000000601400000, 0x0000000800000000)
  region size 4096K, 8 young (32768K), 8 survivors (32768K)
 Metaspace       used 135261K, committed 137152K, reserved 1179648K
  class space    used 20326K, committed 21184K, reserved 1048576K
}
Event: 38.714 GC heap before
{Heap before GC invocations=43 (full 1):
 garbage-first heap   total 1654784K, used 1112126K [0x0000000601400000, 0x0000000800000000)
  region size 4096K, 160 young (655360K), 8 survivors (32768K)
 Metaspace       used 135274K, committed 137152K, reserved 1179648K
  class space    used 20329K, committed 21184K, reserved 1048576K
}
Event: 38.728 GC heap after
{Heap after GC invocations=44 (full 1):
 garbage-first heap   total 1654784K, used 520350K [0x0000000601400000, 0x0000000800000000)
  region size 4096K, 16 young (65536K), 16 survivors (65536K)
 Metaspace       used 135274K, committed 137152K, reserved 1179648K
  class space    used 20329K, committed 21184K, reserved 1048576K
}
Event: 38.734 GC heap before
{Heap before GC invocations=44 (full 1):
 garbage-first heap   total 1654784K, used 532638K [0x0000000601400000, 0x0000000800000000)
  region size 4096K, 20 young (81920K), 16 survivors (65536K)
 Metaspace       used 135274K, committed 137152K, reserved 1179648K
  class space    used 20329K, committed 21184K, reserved 1048576K
}
Event: 38.742 GC heap after
{Heap after GC invocations=45 (full 1):
 garbage-first heap   total 1654784K, used 526339K [0x0000000601400000, 0x0000000800000000)
  region size 4096K, 3 young (12288K), 3 survivors (12288K)
 Metaspace       used 135274K, committed 137152K, reserved 1179648K
  class space    used 20329K, committed 21184K, reserved 1048576K
}
Event: 39.840 GC heap before
{Heap before GC invocations=45 (full 1):
 garbage-first heap   total 1654784K, used 665603K [0x0000000601400000, 0x0000000800000000)
  region size 4096K, 39 young (159744K), 3 survivors (12288K)
 Metaspace       used 135433K, committed 137280K, reserved 1179648K
  class space    used 20363K, committed 21184K, reserved 1048576K
}
Event: 39.923 GC heap after
{Heap after GC invocations=46 (full 2):
 garbage-first heap   total 1105920K, used 313164K [0x0000000601400000, 0x0000000800000000)
  region size 4096K, 0 young (0K), 0 survivors (0K)
 Metaspace       used 135433K, committed 137280K, reserved 1179648K
  class space    used 20363K, committed 21184K, reserved 1048576K
}

