# JRE version: Java(TM) SE Runtime Environment (17.0.9+11) (build 17.0.9+11-LTS-201)
# Java VM: Java HotSpot(TM) 64-Bit Server VM (17.0.9+11-LTS-201, mixed mode, sharing, tiered, compressed oops, compressed class ptrs, g1 gc, windows-amd64)
GC Precious Log:
 CPUs: 16 total, 16 available
 Memory: 32679M
 Large Page Support: Disabled
 NUMA Support: Disabled
 Compressed Oops: Enabled (Zero based)
 Heap Region Size: 4M
 Heap Min Capacity: 8M
 Heap Initial Capacity: 512M
 Heap Max Capacity: 8172M
 Pre-touch: Disabled
 Parallel Workers: 13
 Concurrent Workers: 3
 Concurrent Refinement Workers: 13
 Periodic GC: Disabled
Heap:
 garbage-first heap   total 1134592K, used 316443K [0x0000000601400000, 0x0000000800000000)
  region size 4096K, 1 young (4096K), 0 survivors (0K)
 Metaspace       used 137613K, committed 139456K, reserved 1179648K
  class space    used 20429K, committed 21312K, reserved 1048576K
GC Heap History (20 events):
Event: 24.468 GC heap before
{Heap before GC invocations=35 (full 0):
 garbage-first heap   total 1122304K, used 780556K [0x0000000601400000, 0x0000000800000000)
  region size 4096K, 82 young (335872K), 18 survivors (73728K)
 Metaspace       used 121608K, committed 123328K, reserved 1179648K
  class space    used 18556K, committed 19328K, reserved 1048576K
}
Event: 24.530 GC heap after
{Heap after GC invocations=36 (full 0):
 garbage-first heap   total 1122304K, used 703527K [0x0000000601400000, 0x0000000800000000)
  region size 4096K, 11 young (45056K), 11 survivors (45056K)
 Metaspace       used 121608K, committed 123328K, reserved 1179648K
  class space    used 18556K, committed 19328K, reserved 1048576K
}
Event: 24.585 GC heap before
{Heap before GC invocations=36 (full 0):
 garbage-first heap   total 1122304K, used 842791K [0x0000000601400000, 0x0000000800000000)
  region size 4096K, 45 young (184320K), 11 survivors (45056K)
 Metaspace       used 121645K, committed 123392K, reserved 1179648K
  class space    used 18556K, committed 19328K, reserved 1048576K
}
Event: 24.623 GC heap after
{Heap after GC invocations=37 (full 0):
 garbage-first heap   total 1122304K, used 803879K [0x0000000601400000, 0x0000000800000000)
  region size 4096K, 6 young (24576K), 6 survivors (24576K)
 Metaspace       used 121645K, committed 123392K, reserved 1179648K
  class space    used 18556K, committed 19328K, reserved 1048576K
}
Event: 24.876 GC heap before
{Heap before GC invocations=37 (full 0):
 garbage-first heap   total 1122304K, used 889895K [0x0000000601400000, 0x0000000800000000)
  region size 4096K, 27 young (110592K), 6 survivors (24576K)
 Metaspace       used 122590K, committed 124352K, reserved 1179648K
  class space    used 18658K, committed 19456K, reserved 1048576K
}
Event: 24.898 GC heap after
{Heap after GC invocations=38 (full 0):
 garbage-first heap   total 3366912K, used 830503K [0x0000000601400000, 0x0000000800000000)
  region size 4096K, 4 young (16384K), 4 survivors (16384K)
 Metaspace       used 122590K, committed 124352K, reserved 1179648K
  class space    used 18658K, committed 19456K, reserved 1048576K
}
Event: 34.776 GC heap before
{Heap before GC invocations=39 (full 0):
 garbage-first heap   total 3346432K, used 1838119K [0x0000000601400000, 0x0000000800000000)
  region size 4096K, 251 young (1028096K), 4 survivors (16384K)
 Metaspace       used 132061K, committed 133888K, reserved 1179648K
  class space    used 19842K, committed 20736K, reserved 1048576K
}
Event: 34.822 GC heap after
{Heap after GC invocations=40 (full 0):
 garbage-first heap   total 3346432K, used 942871K [0x0000000601400000, 0x0000000800000000)
  region size 4096K, 32 young (131072K), 32 survivors (131072K)
 Metaspace       used 132061K, committed 133888K, reserved 1179648K
  class space    used 19842K, committed 20736K, reserved 1048576K
}
Event: 34.888 GC heap before
{Heap before GC invocations=40 (full 0):
 garbage-first heap   total 3346432K, used 971543K [0x0000000601400000, 0x0000000800000000)
  region size 4096K, 40 young (163840K), 32 survivors (131072K)
 Metaspace       used 132209K, committed 134080K, reserved 1179648K
  class space    used 19862K, committed 20736K, reserved 1048576K
}
Event: 34.918 GC heap after
{Heap after GC invocations=41 (full 0):
 garbage-first heap   total 3346432K, used 943111K [0x0000000601400000, 0x0000000800000000)
  region size 4096K, 5 young (20480K), 5 survivors (20480K)
 Metaspace       used 132209K, committed 134080K, reserved 1179648K
  class space    used 19862K, committed 20736K, reserved 1048576K
}
Event: 37.328 GC heap before
{Heap before GC invocations=41 (full 0):
 garbage-first heap   total 3346432K, used 2085895K [0x0000000601400000, 0x0000000800000000)
  region size 4096K, 285 young (1167360K), 5 survivors (20480K)
 Metaspace       used 135719K, committed 137664K, reserved 1179648K
  class space    used 20285K, committed 21184K, reserved 1048576K
}
Event: 37.347 GC heap after
{Heap after GC invocations=42 (full 0):
 garbage-first heap   total 3346432K, used 988459K [0x0000000601400000, 0x0000000800000000)
  region size 4096K, 16 young (65536K), 16 survivors (65536K)
 Metaspace       used 135719K, committed 137664K, reserved 1179648K
  class space    used 20285K, committed 21184K, reserved 1048576K
}
Event: 38.909 GC heap before
{Heap before GC invocations=42 (full 0):
 garbage-first heap   total 3346432K, used 2155819K [0x0000000601400000, 0x0000000800000000)
  region size 4096K, 302 young (1236992K), 16 survivors (65536K)
 Metaspace       used 136013K, committed 137920K, reserved 1179648K
  class space    used 20294K, committed 21184K, reserved 1048576K
}
Event: 38.924 GC heap after
{Heap after GC invocations=43 (full 0):
 garbage-first heap   total 3346432K, used 984263K [0x0000000601400000, 0x0000000800000000)
  region size 4096K, 15 young (61440K), 15 survivors (61440K)
 Metaspace       used 136013K, committed 137920K, reserved 1179648K
  class space    used 20294K, committed 21184K, reserved 1048576K
}
Event: 84.480 GC heap before
{Heap before GC invocations=43 (full 0):
 garbage-first heap   total 3346432K, used 2036935K [0x0000000601400000, 0x0000000800000000)
  region size 4096K, 273 young (1118208K), 15 survivors (61440K)
 Metaspace       used 137357K, committed 139200K, reserved 1179648K
  class space    used 20369K, committed 21248K, reserved 1048576K
}
Event: 84.627 GC heap after
{Heap after GC invocations=44 (full 1):
 garbage-first heap   total 1667072K, used 467522K [0x0000000601400000, 0x0000000800000000)
  region size 4096K, 0 young (0K), 0 survivors (0K)
 Metaspace       used 137357K, committed 139200K, reserved 1179648K
  class space    used 20369K, committed 21248K, reserved 1048576K
}
Event: 85.247 GC heap before
{Heap before GC invocations=44 (full 1):
 garbage-first heap   total 1667072K, used 1073730K [0x0000000601400000, 0x0000000800000000)
  region size 4096K, 148 young (606208K), 0 survivors (0K)
 Metaspace       used 137453K, committed 139328K, reserved 1179648K
  class space    used 20394K, committed 21312K, reserved 1048576K
}
Event: 85.254 GC heap after
{Heap after GC invocations=45 (full 1):
 garbage-first heap   total 1667072K, used 488837K [0x0000000601400000, 0x0000000800000000)
  region size 4096K, 6 young (24576K), 6 survivors (24576K)
 Metaspace       used 137453K, committed 139328K, reserved 1179648K
  class space    used 20394K, committed 21312K, reserved 1048576K
}
Event: 86.060 GC heap before
{Heap before GC invocations=46 (full 1):
 garbage-first heap   total 1667072K, used 689541K [0x0000000601400000, 0x0000000800000000)
  region size 4096K, 57 young (233472K), 6 survivors (24576K)
 Metaspace       used 137564K, committed 139456K, reserved 1179648K
  class space    used 20419K, committed 21312K, reserved 1048576K
}
Event: 86.148 GC heap after
{Heap after GC invocations=47 (full 2):
 garbage-first heap   total 1134592K, used 316443K [0x0000000601400000, 0x0000000800000000)
  region size 4096K, 0 young (0K), 0 survivors (0K)
 Metaspace       used 137564K, committed 139456K, reserved 1179648K
  class space    used 20419K, committed 21312K, reserved 1048576K
}

