# JRE version: Java(TM) SE Runtime Environment (17.0.9+11) (build 17.0.9+11-LTS-201)
# Java VM: Java HotSpot(TM) 64-Bit Server VM (17.0.9+11-LTS-201, mixed mode, sharing, tiered, compressed oops, compressed class ptrs, g1 gc, windows-amd64)
GC Precious Log:
 CPUs: 16 total, 16 available
 Memory: 32679M
 Large Page Support: Disabled
 NUMA Support: Disabled
 Compressed Oops: Enabled (Zero based)
 Heap Region Size: 4M
 Heap Min Capacity: 8M
 Heap Initial Capacity: 512M
 Heap Max Capacity: 8172M
 Pre-touch: Disabled
 Parallel Workers: 13
 Concurrent Workers: 3
 Concurrent Refinement Workers: 13
 Periodic GC: Disabled
Heap:
 garbage-first heap   total 1134592K, used 316182K [0x0000000601400000, 0x0000000800000000)
  region size 4096K, 1 young (4096K), 0 survivors (0K)
 Metaspace       used 135672K, committed 137600K, reserved 1179648K
  class space    used 20407K, committed 21312K, reserved 1048576K
GC Heap History (20 events):
Event: 13.125 GC heap before
{Heap before GC invocations=32 (full 0):
 garbage-first heap   total 688128K, used 273674K [0x0000000601400000, 0x0000000800000000)
  region size 4096K, 9 young (36864K), 8 survivors (32768K)
 Metaspace       used 109256K, committed 110848K, reserved 1179648K
  class space    used 16825K, committed 17536K, reserved 1048576K
}
Event: 13.135 GC heap after
{Heap after GC invocations=33 (full 0):
 garbage-first heap   total 1863680K, used 271521K [0x0000000601400000, 0x0000000800000000)
  region size 4096K, 2 young (8192K), 2 survivors (8192K)
 Metaspace       used 109256K, committed 110848K, reserved 1179648K
  class space    used 16825K, committed 17536K, reserved 1048576K
}
Event: 19.195 GC heap before
{Heap before GC invocations=33 (full 0):
 garbage-first heap   total 1863680K, used 1377441K [0x0000000601400000, 0x0000000800000000)
  region size 4096K, 273 young (1118208K), 2 survivors (8192K)
 Metaspace       used 120209K, committed 121984K, reserved 1179648K
  class space    used 18517K, committed 19328K, reserved 1048576K
}
Event: 19.219 GC heap after
{Heap after GC invocations=34 (full 0):
 garbage-first heap   total 1863680K, used 336491K [0x0000000601400000, 0x0000000800000000)
  region size 4096K, 18 young (73728K), 18 survivors (73728K)
 Metaspace       used 120209K, committed 121984K, reserved 1179648K
  class space    used 18517K, committed 19328K, reserved 1048576K
}
Event: 20.328 GC heap before
{Heap before GC invocations=34 (full 0):
 garbage-first heap   total 1863680K, used 1380971K [0x0000000601400000, 0x0000000800000000)
  region size 4096K, 273 young (1118208K), 18 survivors (73728K)
 Metaspace       used 121914K, committed 123712K, reserved 1179648K
  class space    used 18693K, committed 19520K, reserved 1048576K
}
Event: 20.453 GC heap after
{Heap after GC invocations=35 (full 0):
 garbage-first heap   total 1867776K, used 747533K [0x0000000601400000, 0x0000000800000000)
  region size 4096K, 35 young (143360K), 35 survivors (143360K)
 Metaspace       used 121914K, committed 123712K, reserved 1179648K
  class space    used 18693K, committed 19520K, reserved 1048576K
}
Event: 21.406 GC heap before
{Heap before GC invocations=35 (full 0):
 garbage-first heap   total 1867776K, used 1267725K [0x0000000601400000, 0x0000000800000000)
  region size 4096K, 163 young (667648K), 35 survivors (143360K)
 Metaspace       used 123073K, committed 124864K, reserved 1179648K
  class space    used 18860K, committed 19648K, reserved 1048576K
}
Event: 21.457 GC heap after
{Heap after GC invocations=36 (full 0):
 garbage-first heap   total 1867776K, used 802616K [0x0000000601400000, 0x0000000800000000)
  region size 4096K, 15 young (61440K), 15 survivors (61440K)
 Metaspace       used 123073K, committed 124864K, reserved 1179648K
  class space    used 18860K, committed 19648K, reserved 1048576K
}
Event: 23.178 GC heap before
{Heap before GC invocations=36 (full 0):
 garbage-first heap   total 1867776K, used 1404728K [0x0000000601400000, 0x0000000800000000)
  region size 4096K, 163 young (667648K), 15 survivors (61440K)
 Metaspace       used 134003K, committed 135872K, reserved 1179648K
  class space    used 20239K, committed 21056K, reserved 1048576K
}
Event: 23.205 GC heap after
{Heap after GC invocations=37 (full 0):
 garbage-first heap   total 1867776K, used 890157K [0x0000000601400000, 0x0000000800000000)
  region size 4096K, 20 young (81920K), 20 survivors (81920K)
 Metaspace       used 134003K, committed 135872K, reserved 1179648K
  class space    used 20239K, committed 21056K, reserved 1048576K
}
Event: 24.141 GC heap before
{Heap before GC invocations=37 (full 0):
 garbage-first heap   total 1867776K, used 1439021K [0x0000000601400000, 0x0000000800000000)
  region size 4096K, 154 young (630784K), 20 survivors (81920K)
 Metaspace       used 134537K, committed 136384K, reserved 1179648K
  class space    used 20274K, committed 21120K, reserved 1048576K
}
Event: 24.155 GC heap after
{Heap after GC invocations=38 (full 0):
 garbage-first heap   total 1867776K, used 905025K [0x0000000601400000, 0x0000000800000000)
  region size 4096K, 5 young (20480K), 5 survivors (20480K)
 Metaspace       used 134537K, committed 136384K, reserved 1179648K
  class space    used 20274K, committed 21120K, reserved 1048576K
}
Event: 25.052 GC heap before
{Heap before GC invocations=38 (full 0):
 garbage-first heap   total 1867776K, used 1474369K [0x0000000601400000, 0x0000000800000000)
  region size 4096K, 144 young (589824K), 5 survivors (20480K)
 Metaspace       used 134735K, committed 136640K, reserved 1179648K
  class space    used 20277K, committed 21120K, reserved 1048576K
}
Event: 25.058 GC heap after
{Heap after GC invocations=39 (full 0):
 garbage-first heap   total 1867776K, used 907776K [0x0000000601400000, 0x0000000800000000)
  region size 4096K, 6 young (24576K), 6 survivors (24576K)
 Metaspace       used 134735K, committed 136640K, reserved 1179648K
  class space    used 20277K, committed 21120K, reserved 1048576K
}
Event: 25.485 GC heap before
{Heap before GC invocations=39 (full 0):
 garbage-first heap   total 1867776K, used 1124864K [0x0000000601400000, 0x0000000800000000)
  region size 4096K, 61 young (249856K), 6 survivors (24576K)
 Metaspace       used 135339K, committed 137216K, reserved 1179648K
  class space    used 20338K, committed 21184K, reserved 1048576K
}
Event: 25.636 GC heap after
{Heap after GC invocations=40 (full 1):
 garbage-first heap   total 1654784K, used 468799K [0x0000000601400000, 0x0000000800000000)
  region size 4096K, 0 young (0K), 0 survivors (0K)
 Metaspace       used 135290K, committed 137216K, reserved 1179648K
  class space    used 20324K, committed 21184K, reserved 1048576K
}
Event: 26.402 GC heap before
{Heap before GC invocations=40 (full 1):
 garbage-first heap   total 1654784K, used 1226559K [0x0000000601400000, 0x0000000800000000)
  region size 4096K, 185 young (757760K), 0 survivors (0K)
 Metaspace       used 135492K, committed 137408K, reserved 1179648K
  class space    used 20365K, committed 21248K, reserved 1048576K
}
Event: 26.423 GC heap after
{Heap after GC invocations=41 (full 1):
 garbage-first heap   total 3821568K, used 509002K [0x0000000601400000, 0x0000000800000000)
  region size 4096K, 10 young (40960K), 10 survivors (40960K)
 Metaspace       used 135492K, committed 137408K, reserved 1179648K
  class space    used 20365K, committed 21248K, reserved 1048576K
}
Event: 27.687 GC heap before
{Heap before GC invocations=41 (full 1):
 garbage-first heap   total 3821568K, used 992330K [0x0000000601400000, 0x0000000800000000)
  region size 4096K, 129 young (528384K), 10 survivors (40960K)
 Metaspace       used 135635K, committed 137536K, reserved 1179648K
  class space    used 20397K, committed 21312K, reserved 1048576K
}
Event: 27.781 GC heap after
{Heap after GC invocations=42 (full 2):
 garbage-first heap   total 1134592K, used 316182K [0x0000000601400000, 0x0000000800000000)
  region size 4096K, 0 young (0K), 0 survivors (0K)
 Metaspace       used 135635K, committed 137536K, reserved 1179648K
  class space    used 20397K, committed 21312K, reserved 1048576K
}

