# JRE version: Java(TM) SE Runtime Environment (17.0.9+11) (build 17.0.9+11-LTS-201)
# Java VM: Java HotSpot(TM) 64-Bit Server VM (17.0.9+11-LTS-201, mixed mode, sharing, tiered, compressed oops, compressed class ptrs, g1 gc, windows-amd64)
GC Precious Log:
 CPUs: 16 total, 16 available
 Memory: 32679M
 Large Page Support: Disabled
 NUMA Support: Disabled
 Compressed Oops: Enabled (Zero based)
 Heap Region Size: 4M
 Heap Min Capacity: 8M
 Heap Initial Capacity: 512M
 Heap Max Capacity: 8172M
 Pre-touch: Disabled
 Parallel Workers: 13
 Concurrent Workers: 3
 Concurrent Refinement Workers: 13
 Periodic GC: Disabled
Heap:
 garbage-first heap   total 1245184K, used 347827K [0x0000000601400000, 0x0000000800000000)
  region size 4096K, 1 young (4096K), 0 survivors (0K)
 Metaspace       used 135195K, committed 137088K, reserved 1179648K
  class space    used 20327K, committed 21184K, reserved 1048576K
GC Heap History (20 events):
Event: 12.806 GC heap before
{Heap before GC invocations=29 (full 0):
 garbage-first heap   total 696320K, used 557051K [0x0000000601400000, 0x0000000800000000)
  region size 4096K, 81 young (331776K), 5 survivors (20480K)
 Metaspace       used 108890K, committed 110528K, reserved 1179648K
  class space    used 16770K, committed 17536K, reserved 1048576K
}
Event: 12.819 GC heap after
{Heap after GC invocations=30 (full 0):
 garbage-first heap   total 1941504K, used 267352K [0x0000000601400000, 0x0000000800000000)
  region size 4096K, 9 young (36864K), 9 survivors (36864K)
 Metaspace       used 108890K, committed 110528K, reserved 1179648K
  class space    used 16770K, committed 17536K, reserved 1048576K
}
Event: 176.521 GC heap before
{Heap before GC invocations=30 (full 0):
 garbage-first heap   total 1941504K, used 1365080K [0x0000000601400000, 0x0000000800000000)
  region size 4096K, 278 young (1138688K), 9 survivors (36864K)
 Metaspace       used 113859K, committed 115520K, reserved 1179648K
  class space    used 17406K, committed 18176K, reserved 1048576K
}
Event: 176.548 GC heap after
{Heap after GC invocations=31 (full 0):
 garbage-first heap   total 1941504K, used 321180K [0x0000000601400000, 0x0000000800000000)
  region size 4096K, 22 young (90112K), 22 survivors (90112K)
 Metaspace       used 113859K, committed 115520K, reserved 1179648K
  class space    used 17406K, committed 18176K, reserved 1048576K
}
Event: 179.076 GC heap before
{Heap before GC invocations=31 (full 0):
 garbage-first heap   total 1941504K, used 1394332K [0x0000000601400000, 0x0000000800000000)
  region size 4096K, 284 young (1163264K), 22 survivors (90112K)
 Metaspace       used 120883K, committed 122688K, reserved 1179648K
  class space    used 18535K, committed 19328K, reserved 1048576K
}
Event: 179.138 GC heap after
{Heap after GC invocations=32 (full 0):
 garbage-first heap   total 1941504K, used 473310K [0x0000000601400000, 0x0000000800000000)
  region size 4096K, 36 young (147456K), 36 survivors (147456K)
 Metaspace       used 120883K, committed 122688K, reserved 1179648K
  class space    used 18535K, committed 19328K, reserved 1048576K
}
Event: 180.079 GC heap before
{Heap before GC invocations=32 (full 0):
 garbage-first heap   total 1941504K, used 1435870K [0x0000000601400000, 0x0000000800000000)
  region size 4096K, 271 young (1110016K), 36 survivors (147456K)
 Metaspace       used 122302K, committed 124096K, reserved 1179648K
  class space    used 18702K, committed 19520K, reserved 1048576K
}
Event: 180.202 GC heap after
{Heap after GC invocations=33 (full 0):
 garbage-first heap   total 1953792K, used 840341K [0x0000000601400000, 0x0000000800000000)
  region size 4096K, 34 young (139264K), 34 survivors (139264K)
 Metaspace       used 122302K, committed 124096K, reserved 1179648K
  class space    used 18702K, committed 19520K, reserved 1048576K
}
Event: 181.931 GC heap before
{Heap before GC invocations=33 (full 0):
 garbage-first heap   total 1953792K, used 1434261K [0x0000000601400000, 0x0000000800000000)
  region size 4096K, 180 young (737280K), 34 survivors (139264K)
 Metaspace       used 130282K, committed 132096K, reserved 1179648K
  class space    used 19737K, committed 20544K, reserved 1048576K
}
Event: 181.957 GC heap after
{Heap after GC invocations=34 (full 0):
 garbage-first heap   total 1953792K, used 819920K [0x0000000601400000, 0x0000000800000000)
  region size 4096K, 16 young (65536K), 16 survivors (65536K)
 Metaspace       used 130282K, committed 132096K, reserved 1179648K
  class space    used 19737K, committed 20544K, reserved 1048576K
}
Event: 183.581 GC heap before
{Heap before GC invocations=35 (full 0):
 garbage-first heap   total 1953792K, used 1397456K [0x0000000601400000, 0x0000000800000000)
  region size 4096K, 159 young (651264K), 16 survivors (65536K)
 Metaspace       used 134689K, committed 136576K, reserved 1179648K
  class space    used 20244K, committed 21120K, reserved 1048576K
}
Event: 183.597 GC heap after
{Heap after GC invocations=36 (full 0):
 garbage-first heap   total 1953792K, used 851969K [0x0000000601400000, 0x0000000800000000)
  region size 4096K, 14 young (57344K), 14 survivors (57344K)
 Metaspace       used 134689K, committed 136576K, reserved 1179648K
  class space    used 20244K, committed 21120K, reserved 1048576K
}
Event: 183.725 GC heap before
{Heap before GC invocations=36 (full 0):
 garbage-first heap   total 1953792K, used 888833K [0x0000000601400000, 0x0000000800000000)
  region size 4096K, 23 young (94208K), 14 survivors (57344K)
 Metaspace       used 134872K, committed 136704K, reserved 1179648K
  class space    used 20275K, committed 21120K, reserved 1048576K
}
Event: 183.735 GC heap after
{Heap after GC invocations=37 (full 0):
 garbage-first heap   total 1953792K, used 679824K [0x0000000601400000, 0x0000000800000000)
  region size 4096K, 3 young (12288K), 3 survivors (12288K)
 Metaspace       used 134872K, committed 136704K, reserved 1179648K
  class space    used 20275K, committed 21120K, reserved 1048576K
}
Event: 183.796 GC heap before
{Heap before GC invocations=37 (full 0):
 garbage-first heap   total 1953792K, used 757648K [0x0000000601400000, 0x0000000800000000)
  region size 4096K, 23 young (94208K), 3 survivors (12288K)
 Metaspace       used 134905K, committed 136768K, reserved 1179648K
  class space    used 20277K, committed 21120K, reserved 1048576K
}
Event: 183.802 GC heap after
{Heap after GC invocations=38 (full 0):
 garbage-first heap   total 1953792K, used 623953K [0x0000000601400000, 0x0000000800000000)
  region size 4096K, 1 young (4096K), 1 survivors (4096K)
 Metaspace       used 134905K, committed 136768K, reserved 1179648K
  class space    used 20277K, committed 21120K, reserved 1048576K
}
Event: 184.220 GC heap before
{Heap before GC invocations=38 (full 0):
 garbage-first heap   total 1953792K, used 1422673K [0x0000000601400000, 0x0000000800000000)
  region size 4096K, 196 young (802816K), 1 survivors (4096K)
 Metaspace       used 134997K, committed 136832K, reserved 1179648K
  class space    used 20285K, committed 21120K, reserved 1048576K
}
Event: 184.232 GC heap after
{Heap after GC invocations=39 (full 0):
 garbage-first heap   total 1953792K, used 667099K [0x0000000601400000, 0x0000000800000000)
  region size 4096K, 12 young (49152K), 12 survivors (49152K)
 Metaspace       used 134997K, committed 136832K, reserved 1179648K
  class space    used 20285K, committed 21120K, reserved 1048576K
}
Event: 185.452 GC heap before
{Heap before GC invocations=39 (full 0):
 garbage-first heap   total 1953792K, used 1105371K [0x0000000601400000, 0x0000000800000000)
  region size 4096K, 121 young (495616K), 12 survivors (49152K)
 Metaspace       used 135158K, committed 137088K, reserved 1179648K
  class space    used 20317K, committed 21184K, reserved 1048576K
}
Event: 185.563 GC heap after
{Heap after GC invocations=40 (full 1):
 garbage-first heap   total 1245184K, used 347827K [0x0000000601400000, 0x0000000800000000)
  region size 4096K, 0 young (0K), 0 survivors (0K)
 Metaspace       used 135158K, committed 137088K, reserved 1179648K
  class space    used 20317K, committed 21184K, reserved 1048576K
}

