# JRE version: Java(TM) SE Runtime Environment (17.0.9+11) (build 17.0.9+11-LTS-201)
# Java VM: Java HotSpot(TM) 64-Bit Server VM (17.0.9+11-LTS-201, mixed mode, sharing, tiered, compressed oops, compressed class ptrs, g1 gc, windows-amd64)
GC Precious Log:
 CPUs: 16 total, 16 available
 Memory: 32679M
 Large Page Support: Disabled
 NUMA Support: Disabled
 Compressed Oops: Enabled (Zero based)
 Heap Region Size: 4M
 Heap Min Capacity: 8M
 Heap Initial Capacity: 512M
 Heap Max Capacity: 8172M
 Pre-touch: Disabled
 Parallel Workers: 13
 Concurrent Workers: 3
 Concurrent Refinement Workers: 13
 Periodic GC: Disabled
Heap:
 garbage-first heap   total 1327104K, used 370682K [0x0000000601400000, 0x0000000800000000)
  region size 4096K, 2 young (8192K), 0 survivors (0K)
 Metaspace       used 141354K, committed 143360K, reserved 1179648K
  class space    used 20830K, committed 21760K, reserved 1048576K
GC Heap History (20 events):
Event: 47.987 GC heap before
{Heap before GC invocations=42 (full 0):
 garbage-first heap   total 2252800K, used 1843047K [0x0000000601400000, 0x0000000800000000)
  region size 4096K, 207 young (847872K), 3 survivors (12288K)
 Metaspace       used 138348K, committed 140352K, reserved 1179648K
  class space    used 20462K, committed 21376K, reserved 1048576K
}
Event: 47.993 GC heap after
{Heap after GC invocations=43 (full 0):
 garbage-first heap   total 2252800K, used 1023372K [0x0000000601400000, 0x0000000800000000)
  region size 4096K, 6 young (24576K), 6 survivors (24576K)
 Metaspace       used 138348K, committed 140352K, reserved 1179648K
  class space    used 20462K, committed 21376K, reserved 1048576K
}
Event: 49.151 GC heap before
{Heap before GC invocations=43 (full 0):
 garbage-first heap   total 2252800K, used 1871244K [0x0000000601400000, 0x0000000800000000)
  region size 4096K, 213 young (872448K), 6 survivors (24576K)
 Metaspace       used 139337K, committed 141312K, reserved 1179648K
  class space    used 20638K, committed 21568K, reserved 1048576K
}
Event: 49.157 GC heap after
{Heap after GC invocations=44 (full 0):
 garbage-first heap   total 2252800K, used 1031235K [0x0000000601400000, 0x0000000800000000)
  region size 4096K, 8 young (32768K), 8 survivors (32768K)
 Metaspace       used 139337K, committed 141312K, reserved 1179648K
  class space    used 20638K, committed 21568K, reserved 1048576K
}
Event: 53.582 GC heap before
{Heap before GC invocations=44 (full 0):
 garbage-first heap   total 2252800K, used 1891395K [0x0000000601400000, 0x0000000800000000)
  region size 4096K, 218 young (892928K), 8 survivors (32768K)
 Metaspace       used 140046K, committed 142016K, reserved 1179648K
  class space    used 20686K, committed 21632K, reserved 1048576K
}
Event: 53.590 GC heap after
{Heap after GC invocations=45 (full 0):
 garbage-first heap   total 2252800K, used 1040071K [0x0000000601400000, 0x0000000800000000)
  region size 4096K, 10 young (40960K), 10 survivors (40960K)
 Metaspace       used 140046K, committed 142016K, reserved 1179648K
  class space    used 20686K, committed 21632K, reserved 1048576K
}
Event: 54.407 GC heap before
{Heap before GC invocations=45 (full 0):
 garbage-first heap   total 2252800K, used 1904327K [0x0000000601400000, 0x0000000800000000)
  region size 4096K, 222 young (909312K), 10 survivors (40960K)
 Metaspace       used 140314K, committed 142336K, reserved 1179648K
  class space    used 20714K, committed 21632K, reserved 1048576K
}
Event: 54.416 GC heap after
{Heap after GC invocations=46 (full 0):
 garbage-first heap   total 2252800K, used 1053982K [0x0000000601400000, 0x0000000800000000)
  region size 4096K, 13 young (53248K), 13 survivors (53248K)
 Metaspace       used 140314K, committed 142336K, reserved 1179648K
  class space    used 20714K, committed 21632K, reserved 1048576K
}
Event: 59.043 GC heap before
{Heap before GC invocations=46 (full 0):
 garbage-first heap   total 2252800K, used 1918238K [0x0000000601400000, 0x0000000800000000)
  region size 4096K, 225 young (921600K), 13 survivors (53248K)
 Metaspace       used 140549K, committed 142592K, reserved 1179648K
  class space    used 20728K, committed 21632K, reserved 1048576K
}
Event: 59.052 GC heap after
{Heap after GC invocations=47 (full 0):
 garbage-first heap   total 2252800K, used 1062028K [0x0000000601400000, 0x0000000800000000)
  region size 4096K, 15 young (61440K), 15 survivors (61440K)
 Metaspace       used 140549K, committed 142592K, reserved 1179648K
  class space    used 20728K, committed 21632K, reserved 1048576K
}
Event: 64.106 GC heap before
{Heap before GC invocations=47 (full 0):
 garbage-first heap   total 2252800K, used 1934476K [0x0000000601400000, 0x0000000800000000)
  region size 4096K, 228 young (933888K), 15 survivors (61440K)
 Metaspace       used 140663K, committed 142720K, reserved 1179648K
  class space    used 20735K, committed 21696K, reserved 1048576K
}
Event: 64.115 GC heap after
{Heap after GC invocations=48 (full 0):
 garbage-first heap   total 2252800K, used 1065245K [0x0000000601400000, 0x0000000800000000)
  region size 4096K, 16 young (65536K), 16 survivors (65536K)
 Metaspace       used 140663K, committed 142720K, reserved 1179648K
  class space    used 20735K, committed 21696K, reserved 1048576K
}
Event: 78.457 GC heap before
{Heap before GC invocations=48 (full 0):
 garbage-first heap   total 2252800K, used 1945885K [0x0000000601400000, 0x0000000800000000)
  region size 4096K, 231 young (946176K), 16 survivors (65536K)
 Metaspace       used 140953K, committed 142976K, reserved 1179648K
  class space    used 20770K, committed 21696K, reserved 1048576K
}
Event: 78.466 GC heap after
{Heap after GC invocations=49 (full 0):
 garbage-first heap   total 2252800K, used 1066270K [0x0000000601400000, 0x0000000800000000)
  region size 4096K, 16 young (65536K), 16 survivors (65536K)
 Metaspace       used 140953K, committed 142976K, reserved 1179648K
  class space    used 20770K, committed 21696K, reserved 1048576K
}
Event: 82.695 GC heap before
{Heap before GC invocations=49 (full 0):
 garbage-first heap   total 2252800K, used 1340702K [0x0000000601400000, 0x0000000800000000)
  region size 4096K, 84 young (344064K), 16 survivors (65536K)
 Metaspace       used 141317K, committed 143360K, reserved 1179648K
  class space    used 20816K, committed 21760K, reserved 1048576K
}
Event: 82.850 GC heap after
{Heap after GC invocations=50 (full 1):
 garbage-first heap   total 1789952K, used 501969K [0x0000000601400000, 0x0000000800000000)
  region size 4096K, 0 young (0K), 0 survivors (0K)
 Metaspace       used 141193K, committed 143360K, reserved 1179648K
  class space    used 20780K, committed 21760K, reserved 1048576K
}
Event: 83.231 GC heap before
{Heap before GC invocations=50 (full 1):
 garbage-first heap   total 1789952K, used 1501393K [0x0000000601400000, 0x0000000800000000)
  region size 4096K, 245 young (1003520K), 0 survivors (0K)
 Metaspace       used 141242K, committed 143360K, reserved 1179648K
  class space    used 20795K, committed 21760K, reserved 1048576K
}
Event: 83.241 GC heap after
{Heap after GC invocations=51 (full 1):
 garbage-first heap   total 1789952K, used 541386K [0x0000000601400000, 0x0000000800000000)
  region size 4096K, 10 young (40960K), 10 survivors (40960K)
 Metaspace       used 141242K, committed 143360K, reserved 1179648K
  class space    used 20795K, committed 21760K, reserved 1048576K
}
Event: 83.977 GC heap before
{Heap before GC invocations=51 (full 1):
 garbage-first heap   total 1789952K, used 713418K [0x0000000601400000, 0x0000000800000000)
  region size 4096K, 54 young (221184K), 10 survivors (40960K)
 Metaspace       used 141327K, committed 143360K, reserved 1179648K
  class space    used 20819K, committed 21760K, reserved 1048576K
}
Event: 84.076 GC heap after
{Heap after GC invocations=52 (full 2):
 garbage-first heap   total 1327104K, used 366586K [0x0000000601400000, 0x0000000800000000)
  region size 4096K, 0 young (0K), 0 survivors (0K)
 Metaspace       used 141327K, committed 143360K, reserved 1179648K
  class space    used 20819K, committed 21760K, reserved 1048576K
}

