# JRE version: Java(TM) SE Runtime Environment (17.0.9+11) (build 17.0.9+11-LTS-201)
# Java VM: Java HotSpot(TM) 64-Bit Server VM (17.0.9+11-LTS-201, mixed mode, sharing, tiered, compressed oops, compressed class ptrs, g1 gc, windows-amd64)
GC Precious Log:
 CPUs: 16 total, 16 available
 Memory: 32679M
 Large Page Support: Disabled
 NUMA Support: Disabled
 Compressed Oops: Enabled (Zero based)
 Heap Region Size: 4M
 Heap Min Capacity: 8M
 Heap Initial Capacity: 512M
 Heap Max Capacity: 8172M
 Pre-touch: Disabled
 Parallel Workers: 13
 Concurrent Workers: 3
 Concurrent Refinement Workers: 13
 Periodic GC: Disabled
Heap:
 garbage-first heap   total 1163264K, used 315319K [0x0000000601400000, 0x0000000800000000)
  region size 4096K, 1 young (4096K), 0 survivors (0K)
 Metaspace       used 135581K, committed 137664K, reserved 1179648K
  class space    used 20376K, committed 21312K, reserved 1048576K
GC Heap History (20 events):
Event: 13.579 GC heap before
{Heap before GC invocations=28 (full 0):
 garbage-first heap   total 737280K, used 595126K [0x0000000601400000, 0x0000000800000000)
  region size 4096K, 87 young (356352K), 5 survivors (20480K)
 Metaspace       used 109329K, committed 111040K, reserved 1179648K
  class space    used 16828K, committed 17600K, reserved 1048576K
}
Event: 13.591 GC heap after
{Heap after GC invocations=29 (full 0):
 garbage-first heap   total 737280K, used 285908K [0x0000000601400000, 0x0000000800000000)
  region size 4096K, 11 young (45056K), 11 survivors (45056K)
 Metaspace       used 109329K, committed 111040K, reserved 1179648K
  class space    used 16828K, committed 17600K, reserved 1048576K
}
Event: 17.528 GC heap before
{Heap before GC invocations=29 (full 0):
 garbage-first heap   total 737280K, used 584916K [0x0000000601400000, 0x0000000800000000)
  region size 4096K, 85 young (348160K), 11 survivors (45056K)
 Metaspace       used 113762K, committed 115520K, reserved 1179648K
  class space    used 17455K, committed 18240K, reserved 1048576K
}
Event: 17.547 GC heap after
{Heap after GC invocations=30 (full 0):
 garbage-first heap   total 1921024K, used 326155K [0x0000000601400000, 0x0000000800000000)
  region size 4096K, 10 young (40960K), 10 survivors (40960K)
 Metaspace       used 113762K, committed 115520K, reserved 1179648K
  class space    used 17455K, committed 18240K, reserved 1048576K
}
Event: 19.938 GC heap before
{Heap before GC invocations=30 (full 0):
 garbage-first heap   total 1921024K, used 1427979K [0x0000000601400000, 0x0000000800000000)
  region size 4096K, 279 young (1142784K), 10 survivors (40960K)
 Metaspace       used 120632K, committed 122432K, reserved 1179648K
  class space    used 18559K, committed 19392K, reserved 1048576K
}
Event: 20.007 GC heap after
{Heap after GC invocations=31 (full 0):
 garbage-first heap   total 1921024K, used 544948K [0x0000000601400000, 0x0000000800000000)
  region size 4096K, 35 young (143360K), 35 survivors (143360K)
 Metaspace       used 120632K, committed 122432K, reserved 1179648K
  class space    used 18559K, committed 19392K, reserved 1048576K
}
Event: 20.820 GC heap before
{Heap before GC invocations=31 (full 0):
 garbage-first heap   total 1921024K, used 1380532K [0x0000000601400000, 0x0000000800000000)
  region size 4096K, 239 young (978944K), 35 survivors (143360K)
 Metaspace       used 121991K, committed 123840K, reserved 1179648K
  class space    used 18708K, committed 19584K, reserved 1048576K
}
Event: 20.934 GC heap after
{Heap after GC invocations=32 (full 0):
 garbage-first heap   total 1921024K, used 851518K [0x0000000601400000, 0x0000000800000000)
  region size 4096K, 30 young (122880K), 30 survivors (122880K)
 Metaspace       used 121991K, committed 123840K, reserved 1179648K
  class space    used 18708K, committed 19584K, reserved 1048576K
}
Event: 22.211 GC heap before
{Heap before GC invocations=32 (full 0):
 garbage-first heap   total 1921024K, used 1375806K [0x0000000601400000, 0x0000000800000000)
  region size 4096K, 159 young (651264K), 30 survivors (122880K)
 Metaspace       used 127615K, committed 129536K, reserved 1179648K
  class space    used 19407K, committed 20288K, reserved 1048576K
}
Event: 22.228 GC heap after
{Heap after GC invocations=33 (full 0):
 garbage-first heap   total 1921024K, used 808754K [0x0000000601400000, 0x0000000800000000)
  region size 4096K, 13 young (53248K), 13 survivors (53248K)
 Metaspace       used 127615K, committed 129536K, reserved 1179648K
  class space    used 19407K, committed 20288K, reserved 1048576K
}
Event: 23.604 GC heap before
{Heap before GC invocations=33 (full 0):
 garbage-first heap   total 1921024K, used 1402674K [0x0000000601400000, 0x0000000800000000)
  region size 4096K, 159 young (651264K), 13 survivors (53248K)
 Metaspace       used 134135K, committed 136064K, reserved 1179648K
  class space    used 20221K, committed 21120K, reserved 1048576K
}
Event: 23.625 GC heap after
{Heap after GC invocations=34 (full 0):
 garbage-first heap   total 1921024K, used 866476K [0x0000000601400000, 0x0000000800000000)
  region size 4096K, 20 young (81920K), 20 survivors (81920K)
 Metaspace       used 134135K, committed 136064K, reserved 1179648K
  class space    used 20221K, committed 21120K, reserved 1048576K
}
Event: 24.377 GC heap before
{Heap before GC invocations=34 (full 0):
 garbage-first heap   total 1921024K, used 1439916K [0x0000000601400000, 0x0000000800000000)
  region size 4096K, 161 young (659456K), 20 survivors (81920K)
 Metaspace       used 134558K, committed 136448K, reserved 1179648K
  class space    used 20254K, committed 21120K, reserved 1048576K
}
Event: 24.393 GC heap after
{Heap after GC invocations=35 (full 0):
 garbage-first heap   total 1921024K, used 882600K [0x0000000601400000, 0x0000000800000000)
  region size 4096K, 5 young (20480K), 5 survivors (20480K)
 Metaspace       used 134558K, committed 136448K, reserved 1179648K
  class space    used 20254K, committed 21120K, reserved 1048576K
}
Event: 24.685 GC heap before
{Heap before GC invocations=35 (full 0):
 garbage-first heap   total 1921024K, used 1058728K [0x0000000601400000, 0x0000000800000000)
  region size 4096K, 49 young (200704K), 5 survivors (20480K)
 Metaspace       used 135235K, committed 137152K, reserved 1179648K
  class space    used 20322K, committed 21248K, reserved 1048576K
}
Event: 24.690 GC heap after
{Heap after GC invocations=36 (full 0):
 garbage-first heap   total 1921024K, used 867755K [0x0000000601400000, 0x0000000800000000)
  region size 4096K, 4 young (16384K), 4 survivors (16384K)
 Metaspace       used 135235K, committed 137152K, reserved 1179648K
  class space    used 20322K, committed 21248K, reserved 1048576K
}
Event: 25.234 GC heap before
{Heap before GC invocations=36 (full 0):
 garbage-first heap   total 1921024K, used 1457579K [0x0000000601400000, 0x0000000800000000)
  region size 4096K, 148 young (606208K), 4 survivors (16384K)
 Metaspace       used 135494K, committed 137472K, reserved 1179648K
  class space    used 20359K, committed 21248K, reserved 1048576K
}
Event: 25.243 GC heap after
{Heap after GC invocations=37 (full 0):
 garbage-first heap   total 1921024K, used 889884K [0x0000000601400000, 0x0000000800000000)
  region size 4096K, 10 young (40960K), 10 survivors (40960K)
 Metaspace       used 135494K, committed 137472K, reserved 1179648K
  class space    used 20359K, committed 21248K, reserved 1048576K
}
Event: 26.369 GC heap before
{Heap before GC invocations=37 (full 0):
 garbage-first heap   total 1921024K, used 1393692K [0x0000000601400000, 0x0000000800000000)
  region size 4096K, 135 young (552960K), 10 survivors (40960K)
 Metaspace       used 135663K, committed 137664K, reserved 1179648K
  class space    used 20394K, committed 21312K, reserved 1048576K
}
Event: 26.514 GC heap after
{Heap after GC invocations=38 (full 1):
 garbage-first heap   total 1163264K, used 315319K [0x0000000601400000, 0x0000000800000000)
  region size 4096K, 0 young (0K), 0 survivors (0K)
 Metaspace       used 135568K, committed 137664K, reserved 1179648K
  class space    used 20366K, committed 21312K, reserved 1048576K
}

