# JRE version: Java(TM) SE Runtime Environment (17.0.9+11) (build 17.0.9+11-LTS-201)
# Java VM: Java HotSpot(TM) 64-Bit Server VM (17.0.9+11-LTS-201, mixed mode, sharing, tiered, compressed oops, compressed class ptrs, g1 gc, windows-amd64)
GC Precious Log:
 CPUs: 16 total, 16 available
 Memory: 32679M
 Large Page Support: Disabled
 NUMA Support: Disabled
 Compressed Oops: Enabled (Zero based)
 Heap Region Size: 4M
 Heap Min Capacity: 8M
 Heap Initial Capacity: 512M
 Heap Max Capacity: 8172M
 Pre-touch: Disabled
 Parallel Workers: 13
 Concurrent Workers: 3
 Concurrent Refinement Workers: 13
 Periodic GC: Disabled
Heap:
 garbage-first heap   total 1163264K, used 314584K [0x0000000601400000, 0x0000000800000000)
  region size 4096K, 1 young (4096K), 0 survivors (0K)
 Metaspace       used 135763K, committed 137600K, reserved 1179648K
  class space    used 20425K, committed 21312K, reserved 1048576K
GC Heap History (20 events):
Event: 17.761 GC heap before
{Heap before GC invocations=35 (full 0):
 garbage-first heap   total 778240K, used 607180K [0x0000000601400000, 0x0000000800000000)
  region size 4096K, 70 young (286720K), 2 survivors (8192K)
 Metaspace       used 116700K, committed 118400K, reserved 1179648K
  class space    used 18049K, committed 18816K, reserved 1048576K
}
Event: 17.766 GC heap after
{Heap after GC invocations=36 (full 0):
 garbage-first heap   total 1568768K, used 340329K [0x0000000601400000, 0x0000000800000000)
  region size 4096K, 3 young (12288K), 3 survivors (12288K)
 Metaspace       used 116700K, committed 118400K, reserved 1179648K
  class space    used 18049K, committed 18816K, reserved 1048576K
}
Event: 19.483 GC heap before
{Heap before GC invocations=37 (full 0):
 garbage-first heap   total 1409024K, used 1229161K [0x0000000601400000, 0x0000000800000000)
  region size 4096K, 220 young (901120K), 3 survivors (12288K)
 Metaspace       used 120647K, committed 122432K, reserved 1179648K
  class space    used 18576K, committed 19392K, reserved 1048576K
}
Event: 19.585 GC heap after
{Heap after GC invocations=38 (full 0):
 garbage-first heap   total 1581056K, used 674308K [0x0000000601400000, 0x0000000800000000)
  region size 4096K, 28 young (114688K), 28 survivors (114688K)
 Metaspace       used 120647K, committed 122432K, reserved 1179648K
  class space    used 18576K, committed 19392K, reserved 1048576K
}
Event: 19.590 GC heap before
{Heap before GC invocations=38 (full 0):
 garbage-first heap   total 1581056K, used 678404K [0x0000000601400000, 0x0000000800000000)
  region size 4096K, 29 young (118784K), 28 survivors (114688K)
 Metaspace       used 120647K, committed 122432K, reserved 1179648K
  class space    used 18576K, committed 19392K, reserved 1048576K
}
Event: 19.629 GC heap after
{Heap after GC invocations=39 (full 0):
 garbage-first heap   total 1581056K, used 700416K [0x0000000601400000, 0x0000000800000000)
  region size 4096K, 4 young (16384K), 4 survivors (16384K)
 Metaspace       used 120647K, committed 122432K, reserved 1179648K
  class space    used 18576K, committed 19392K, reserved 1048576K
}
Event: 20.119 GC heap before
{Heap before GC invocations=39 (full 0):
 garbage-first heap   total 1581056K, used 1089536K [0x0000000601400000, 0x0000000800000000)
  region size 4096K, 99 young (405504K), 4 survivors (16384K)
 Metaspace       used 121730K, committed 123520K, reserved 1179648K
  class space    used 18694K, committed 19520K, reserved 1048576K
}
Event: 20.162 GC heap after
{Heap after GC invocations=40 (full 0):
 garbage-first heap   total 1581056K, used 843776K [0x0000000601400000, 0x0000000800000000)
  region size 4096K, 13 young (53248K), 13 survivors (53248K)
 Metaspace       used 121730K, committed 123520K, reserved 1179648K
  class space    used 18694K, committed 19520K, reserved 1048576K
}
Event: 20.523 GC heap before
{Heap before GC invocations=40 (full 0):
 garbage-first heap   total 1581056K, used 1150976K [0x0000000601400000, 0x0000000800000000)
  region size 4096K, 88 young (360448K), 13 survivors (53248K)
 Metaspace       used 122014K, committed 123840K, reserved 1179648K
  class space    used 18725K, committed 19584K, reserved 1048576K
}
Event: 20.544 GC heap after
{Heap after GC invocations=41 (full 0):
 garbage-first heap   total 1581056K, used 890350K [0x0000000601400000, 0x0000000800000000)
  region size 4096K, 9 young (36864K), 9 survivors (36864K)
 Metaspace       used 122014K, committed 123840K, reserved 1179648K
  class space    used 18725K, committed 19584K, reserved 1048576K
}
Event: 21.162 GC heap before
{Heap before GC invocations=41 (full 0):
 garbage-first heap   total 1581056K, used 1189358K [0x0000000601400000, 0x0000000800000000)
  region size 4096K, 83 young (339968K), 9 survivors (36864K)
 Metaspace       used 122914K, committed 124672K, reserved 1179648K
  class space    used 18847K, committed 19648K, reserved 1048576K
}
Event: 21.181 GC heap after
{Heap after GC invocations=42 (full 0):
 garbage-first heap   total 4038656K, used 926252K [0x0000000601400000, 0x0000000800000000)
  region size 4096K, 9 young (36864K), 9 survivors (36864K)
 Metaspace       used 122914K, committed 124672K, reserved 1179648K
  class space    used 18847K, committed 19648K, reserved 1048576K
}
Event: 24.563 GC heap before
{Heap before GC invocations=42 (full 0):
 garbage-first heap   total 4038656K, used 2544172K [0x0000000601400000, 0x0000000800000000)
  region size 4096K, 406 young (1662976K), 9 survivors (36864K)
 Metaspace       used 135405K, committed 137344K, reserved 1179648K
  class space    used 20355K, committed 21248K, reserved 1048576K
}
Event: 24.716 GC heap after
{Heap after GC invocations=43 (full 1):
 garbage-first heap   total 1626112K, used 466668K [0x0000000601400000, 0x0000000800000000)
  region size 4096K, 0 young (0K), 0 survivors (0K)
 Metaspace       used 135351K, committed 137344K, reserved 1179648K
  class space    used 20340K, committed 21248K, reserved 1048576K
}
Event: 25.349 GC heap before
{Heap before GC invocations=43 (full 1):
 garbage-first heap   total 1626112K, used 1052396K [0x0000000601400000, 0x0000000800000000)
  region size 4096K, 143 young (585728K), 0 survivors (0K)
 Metaspace       used 135580K, committed 137408K, reserved 1179648K
  class space    used 20380K, committed 21248K, reserved 1048576K
}
Event: 25.356 GC heap after
{Heap after GC invocations=44 (full 1):
 garbage-first heap   total 1626112K, used 493715K [0x0000000601400000, 0x0000000800000000)
  region size 4096K, 7 young (28672K), 7 survivors (28672K)
 Metaspace       used 135580K, committed 137408K, reserved 1179648K
  class space    used 20380K, committed 21248K, reserved 1048576K
}
Event: 25.641 GC heap before
{Heap before GC invocations=44 (full 1):
 garbage-first heap   total 1626112K, used 1104019K [0x0000000601400000, 0x0000000800000000)
  region size 4096K, 157 young (643072K), 7 survivors (28672K)
 Metaspace       used 135590K, committed 137472K, reserved 1179648K
  class space    used 20383K, committed 21248K, reserved 1048576K
}
Event: 25.654 GC heap after
{Heap after GC invocations=45 (full 1):
 garbage-first heap   total 1626112K, used 524012K [0x0000000601400000, 0x0000000800000000)
  region size 4096K, 14 young (57344K), 14 survivors (57344K)
 Metaspace       used 135590K, committed 137472K, reserved 1179648K
  class space    used 20383K, committed 21248K, reserved 1048576K
}
Event: 26.798 GC heap before
{Heap before GC invocations=46 (full 1):
 garbage-first heap   total 1626112K, used 700140K [0x0000000601400000, 0x0000000800000000)
  region size 4096K, 58 young (237568K), 14 survivors (57344K)
 Metaspace       used 135732K, committed 137600K, reserved 1179648K
  class space    used 20416K, committed 21312K, reserved 1048576K
}
Event: 26.875 GC heap after
{Heap after GC invocations=47 (full 2):
 garbage-first heap   total 1163264K, used 314584K [0x0000000601400000, 0x0000000800000000)
  region size 4096K, 0 young (0K), 0 survivors (0K)
 Metaspace       used 135732K, committed 137600K, reserved 1179648K
  class space    used 20416K, committed 21312K, reserved 1048576K
}

