# JRE version: Java(TM) SE Runtime Environment (17.0.9+11) (build 17.0.9+11-LTS-201)
# Java VM: Java HotSpot(TM) 64-Bit Server VM (17.0.9+11-LTS-201, mixed mode, sharing, tiered, compressed oops, compressed class ptrs, g1 gc, windows-amd64)
GC Precious Log:
 CPUs: 16 total, 16 available
 Memory: 32679M
 Large Page Support: Disabled
 NUMA Support: Disabled
 Compressed Oops: Enabled (Zero based)
 Heap Region Size: 4M
 Heap Min Capacity: 8M
 Heap Initial Capacity: 512M
 Heap Max Capacity: 8172M
 Pre-touch: Disabled
 Parallel Workers: 13
 Concurrent Workers: 3
 Concurrent Refinement Workers: 13
 Periodic GC: Disabled
Heap:
 garbage-first heap   total 1122304K, used 312672K [0x0000000601400000, 0x0000000800000000)
  region size 4096K, 1 young (4096K), 0 survivors (0K)
 Metaspace       used 135694K, committed 137536K, reserved 1179648K
  class space    used 20403K, committed 21248K, reserved 1048576K
GC Heap History (20 events):
Event: 18.153 GC heap before
{Heap before GC invocations=30 (full 0):
 garbage-first heap   total 737280K, used 571666K [0x0000000601400000, 0x0000000800000000)
  region size 4096K, 73 young (299008K), 11 survivors (45056K)
 Metaspace       used 115307K, committed 116992K, reserved 1179648K
  class space    used 17752K, committed 18496K, reserved 1048576K
}
Event: 18.166 GC heap after
{Heap after GC invocations=31 (full 0):
 garbage-first heap   total 737280K, used 337258K [0x0000000601400000, 0x0000000800000000)
  region size 4096K, 4 young (16384K), 4 survivors (16384K)
 Metaspace       used 115307K, committed 116992K, reserved 1179648K
  class space    used 17752K, committed 18496K, reserved 1048576K
}
Event: 18.507 GC heap before
{Heap before GC invocations=31 (full 0):
 garbage-first heap   total 737280K, used 583018K [0x0000000601400000, 0x0000000800000000)
  region size 4096K, 65 young (266240K), 4 survivors (16384K)
 Metaspace       used 116940K, committed 118656K, reserved 1179648K
  class space    used 18068K, committed 18816K, reserved 1048576K
}
Event: 18.515 GC heap after
{Heap after GC invocations=32 (full 0):
 garbage-first heap   total 2048000K, used 339476K [0x0000000601400000, 0x0000000800000000)
  region size 4096K, 4 young (16384K), 4 survivors (16384K)
 Metaspace       used 116940K, committed 118656K, reserved 1179648K
  class space    used 18068K, committed 18816K, reserved 1048576K
}
Event: 21.881 GC heap before
{Heap before GC invocations=32 (full 0):
 garbage-first heap   total 2048000K, used 1551892K [0x0000000601400000, 0x0000000800000000)
  region size 4096K, 300 young (1228800K), 4 survivors (16384K)
 Metaspace       used 121902K, committed 123712K, reserved 1179648K
  class space    used 18694K, committed 19520K, reserved 1048576K
}
Event: 22.166 GC heap after
{Heap after GC invocations=33 (full 0):
 garbage-first heap   total 2048000K, used 775388K [0x0000000601400000, 0x0000000800000000)
  region size 4096K, 38 young (155648K), 38 survivors (155648K)
 Metaspace       used 121902K, committed 123712K, reserved 1179648K
  class space    used 18694K, committed 19520K, reserved 1048576K
}
Event: 22.470 GC heap before
{Heap before GC invocations=33 (full 0):
 garbage-first heap   total 2048000K, used 935132K [0x0000000601400000, 0x0000000800000000)
  region size 4096K, 77 young (315392K), 38 survivors (155648K)
 Metaspace       used 122155K, committed 124032K, reserved 1179648K
  class space    used 18733K, committed 19584K, reserved 1048576K
}
Event: 22.523 GC heap after
{Heap after GC invocations=34 (full 0):
 garbage-first heap   total 2048000K, used 818446K [0x0000000601400000, 0x0000000800000000)
  region size 4096K, 8 young (32768K), 8 survivors (32768K)
 Metaspace       used 122155K, committed 124032K, reserved 1179648K
  class space    used 18733K, committed 19584K, reserved 1048576K
}
Event: 23.489 GC heap before
{Heap before GC invocations=34 (full 0):
 garbage-first heap   total 2048000K, used 1363214K [0x0000000601400000, 0x0000000800000000)
  region size 4096K, 142 young (581632K), 8 survivors (32768K)
 Metaspace       used 123202K, committed 125056K, reserved 1179648K
  class space    used 18873K, committed 19712K, reserved 1048576K
}
Event: 23.506 GC heap after
{Heap after GC invocations=35 (full 0):
 garbage-first heap   total 2048000K, used 864216K [0x0000000601400000, 0x0000000800000000)
  region size 4096K, 18 young (73728K), 18 survivors (73728K)
 Metaspace       used 123202K, committed 125056K, reserved 1179648K
  class space    used 18873K, committed 19712K, reserved 1048576K
}
Event: 25.031 GC heap before
{Heap before GC invocations=35 (full 0):
 garbage-first heap   total 2048000K, used 1441752K [0x0000000601400000, 0x0000000800000000)
  region size 4096K, 160 young (655360K), 18 survivors (73728K)
 Metaspace       used 134084K, committed 136000K, reserved 1179648K
  class space    used 20241K, committed 21120K, reserved 1048576K
}
Event: 25.062 GC heap after
{Heap after GC invocations=36 (full 0):
 garbage-first heap   total 2048000K, used 941068K [0x0000000601400000, 0x0000000800000000)
  region size 4096K, 19 young (77824K), 19 survivors (77824K)
 Metaspace       used 134084K, committed 136000K, reserved 1179648K
  class space    used 20241K, committed 21120K, reserved 1048576K
}
Event: 26.162 GC heap before
{Heap before GC invocations=36 (full 0):
 garbage-first heap   total 2048000K, used 1502220K [0x0000000601400000, 0x0000000800000000)
  region size 4096K, 157 young (643072K), 19 survivors (77824K)
 Metaspace       used 134760K, committed 136768K, reserved 1179648K
  class space    used 20285K, committed 21184K, reserved 1048576K
}
Event: 26.176 GC heap after
{Heap after GC invocations=37 (full 0):
 garbage-first heap   total 2048000K, used 955862K [0x0000000601400000, 0x0000000800000000)
  region size 4096K, 6 young (24576K), 6 survivors (24576K)
 Metaspace       used 134760K, committed 136768K, reserved 1179648K
  class space    used 20285K, committed 21184K, reserved 1048576K
}
Event: 26.810 GC heap before
{Heap before GC invocations=37 (full 0):
 garbage-first heap   total 2048000K, used 1455574K [0x0000000601400000, 0x0000000800000000)
  region size 4096K, 130 young (532480K), 6 survivors (24576K)
 Metaspace       used 135427K, committed 137408K, reserved 1179648K
  class space    used 20345K, committed 21248K, reserved 1048576K
}
Event: 27.603 GC heap after
{Heap after GC invocations=38 (full 1):
 garbage-first heap   total 1626112K, used 464865K [0x0000000601400000, 0x0000000800000000)
  region size 4096K, 0 young (0K), 0 survivors (0K)
 Metaspace       used 135313K, committed 137408K, reserved 1179648K
  class space    used 20312K, committed 21248K, reserved 1048576K
}
Event: 28.103 GC heap before
{Heap before GC invocations=38 (full 1):
 garbage-first heap   total 1626112K, used 1107937K [0x0000000601400000, 0x0000000800000000)
  region size 4096K, 158 young (647168K), 0 survivors (0K)
 Metaspace       used 135529K, committed 137408K, reserved 1179648K
  class space    used 20357K, committed 21248K, reserved 1048576K
}
Event: 28.111 GC heap after
{Heap after GC invocations=39 (full 1):
 garbage-first heap   total 1626112K, used 494416K [0x0000000601400000, 0x0000000800000000)
  region size 4096K, 8 young (32768K), 8 survivors (32768K)
 Metaspace       used 135529K, committed 137408K, reserved 1179648K
  class space    used 20357K, committed 21248K, reserved 1048576K
}
Event: 29.351 GC heap before
{Heap before GC invocations=39 (full 1):
 garbage-first heap   total 1626112K, used 916304K [0x0000000601400000, 0x0000000800000000)
  region size 4096K, 112 young (458752K), 8 survivors (32768K)
 Metaspace       used 135663K, committed 137536K, reserved 1179648K
  class space    used 20391K, committed 21248K, reserved 1048576K
}
Event: 29.455 GC heap after
{Heap after GC invocations=40 (full 2):
 garbage-first heap   total 1122304K, used 312672K [0x0000000601400000, 0x0000000800000000)
  region size 4096K, 0 young (0K), 0 survivors (0K)
 Metaspace       used 135663K, committed 137536K, reserved 1179648K
  class space    used 20391K, committed 21248K, reserved 1048576K
}

